#
# There is insufficient memory for the Java Runtime Environment to continue.
# Native memory allocation (malloc) failed to allocate 2131696 bytes for Chunk::new
# Possible reasons:
#   The system is out of physical RAM or swap space
#   The process is running with CompressedOops enabled, and the Java Heap may be blocking the growth of the native heap
# Possible solutions:
#   Reduce memory load on the system
#   Increase physical memory or swap space
#   Check if swap backing store is full
#   Decrease Java heap size (-Xmx/-Xms)
#   Decrease number of Java threads
#   Decrease Java thread stack sizes (-Xss)
#   Set larger code cache with -XX:ReservedCodeCacheSize=
#   JVM is running with Unscaled Compressed Oops mode in which the Java heap is
#     placed in the first 4GB address space. The Java Heap base address is the
#     maximum limit for the native heap growth. Please use -XX:HeapBaseMinAddress
#     to set the Java Heap base and to place the Java Heap above 4GB virtual address.
# This output file may be truncated or incomplete.
#
#  Out of Memory Error (./open/src/hotspot/share/memory/arena.cpp:195), pid=13724, tid=7780
#
# JRE version: Java(TM) SE Runtime Environment (15.0.2+7) (build 15.0.2+7-27)
# Java VM: Java HotSpot(TM) 64-Bit Server VM (15.0.2+7-27, mixed mode, sharing, tiered, compressed oops, g1 gc, windows-amd64)
# No core dump will be written. Minidumps are not enabled by default on client versions of Windows
#

---------------  S U M M A R Y ------------

Command Line: -ea -Didea.test.cyclic.buffer.size=1048576 -javaagent:C:\Program Files\JetBrains\IntelliJ IDEA 2020.2.3\lib\idea_rt.jar=61114:C:\Program Files\JetBrains\IntelliJ IDEA 2020.2.3\bin -Dfile.encoding=UTF-8 com.intellij.rt.junit.JUnitStarter -ideVersion5 -junit5 se.iths.springbootlab2.Springbootlab2ApplicationTests,searchAndVerify

Host: Intel(R) Core(TM) i3-5005U CPU @ 2.00GHz, 4 cores, 5G,  Windows 10 , 64 bit Build 18362 (10.0.18362.1350)
Time: Mon Mar  8 00:17:52 2021 Västeuropa, normaltid elapsed time: 14.594196 seconds (0d 0h 0m 14s)

---------------  T H R E A D  ---------------

Current thread (0x00000222ffa40f20):  JavaThread "C2 CompilerThread0" daemon [_thread_in_native, id=7780, stack(0x0000002612500000,0x0000002612600000)]


Current CompileTask:
C2:  14594 4324       4       org.springframework.boot.context.properties.source.ConfigurationPropertyName$ElementsParser::parse (234 bytes)

Stack: [0x0000002612500000,0x0000002612600000]
Native frames: (J=compiled Java code, j=interpreted, Vv=VM code, C=native code)
V  [jvm.dll+0x62ae9a]
V  [jvm.dll+0x7817a9]
V  [jvm.dll+0x782f03]
V  [jvm.dll+0x783563]
V  [jvm.dll+0x216325]
V  [jvm.dll+0x97f3a]
V  [jvm.dll+0x9861c]
V  [jvm.dll+0x32e2a8]
V  [jvm.dll+0x2f768a]
V  [jvm.dll+0x2f6a4a]
V  [jvm.dll+0x1ea705]
V  [jvm.dll+0x1e996e]
V  [jvm.dll+0x178567]
V  [jvm.dll+0x1f9225]
V  [jvm.dll+0x1f72cc]
V  [jvm.dll+0x74495d]
V  [jvm.dll+0x73d75a]
V  [jvm.dll+0x629c56]
C  [ucrtbase.dll+0x210b2]
C  [KERNEL32.DLL+0x17c24]
C  [ntdll.dll+0x6d721]


---------------  P R O C E S S  ---------------

Threads class SMR info:
_java_thread_list=0x0000022286fcd990, length=15, elements={
0x00000222e4afcdd0, 0x00000222ffa26e00, 0x00000222ffa278e0, 0x00000222ffa39e80,
0x00000222ffa3c850, 0x00000222ffa3d210, 0x00000222ffa40f20, 0x00000222ffa429e0,
0x00000222ffa9ea40, 0x00000222ffd910a0, 0x00000222ffdd0920, 0x00000222ffde4b10,
0x0000022286a8be20, 0x00000222854e3b00, 0x00000222854e3fd0
}

Java Threads: ( => current thread )
  0x00000222e4afcdd0 JavaThread "main" [_thread_in_Java, id=18140, stack(0x0000002611900000,0x0000002611a00000)]
  0x00000222ffa26e00 JavaThread "Reference Handler" daemon [_thread_blocked, id=6940, stack(0x0000002612000000,0x0000002612100000)]
  0x00000222ffa278e0 JavaThread "Finalizer" daemon [_thread_blocked, id=14756, stack(0x0000002612100000,0x0000002612200000)]
  0x00000222ffa39e80 JavaThread "Signal Dispatcher" daemon [_thread_blocked, id=13256, stack(0x0000002612200000,0x0000002612300000)]
  0x00000222ffa3c850 JavaThread "Attach Listener" daemon [_thread_blocked, id=16800, stack(0x0000002612300000,0x0000002612400000)]
  0x00000222ffa3d210 JavaThread "Service Thread" daemon [_thread_blocked, id=17456, stack(0x0000002612400000,0x0000002612500000)]
=>0x00000222ffa40f20 JavaThread "C2 CompilerThread0" daemon [_thread_in_native, id=7780, stack(0x0000002612500000,0x0000002612600000)]
  0x00000222ffa429e0 JavaThread "C1 CompilerThread0" daemon [_thread_blocked, id=18228, stack(0x0000002612600000,0x0000002612700000)]
  0x00000222ffa9ea40 JavaThread "Sweeper thread" daemon [_thread_blocked, id=16900, stack(0x0000002612700000,0x0000002612800000)]
  0x00000222ffd910a0 JavaThread "Common-Cleaner" daemon [_thread_blocked, id=1340, stack(0x0000002612800000,0x0000002612900000)]
  0x00000222ffdd0920 JavaThread "Monitor Ctrl-Break" daemon [_thread_in_native, id=18328, stack(0x0000002612900000,0x0000002612a00000)]
  0x00000222ffde4b10 JavaThread "Notification Thread" daemon [_thread_blocked, id=9300, stack(0x0000002612a00000,0x0000002612b00000)]
  0x0000022286a8be20 JavaThread "Catalina-utility-1" [_thread_blocked, id=12532, stack(0x0000002612d00000,0x0000002612e00000)]
  0x00000222854e3b00 JavaThread "Catalina-utility-2" [_thread_blocked, id=15772, stack(0x0000002612e00000,0x0000002612f00000)]
  0x00000222854e3fd0 JavaThread "container-0" [_thread_blocked, id=1988, stack(0x0000002613100000,0x0000002613200000)]

Other Threads:
  0x00000222ffa20eb0 VMThread "VM Thread" [stack: 0x0000002611f00000,0x0000002612000000] [id=10348]
  0x00000222ffdd14c0 WatcherThread [stack: 0x0000002612b00000,0x0000002612c00000] [id=14712]
  0x00000222e4b363c0 GCTaskThread "GC Thread#0" [stack: 0x0000002611a00000,0x0000002611b00000] [id=2616]
  0x00000222ffdba460 GCTaskThread "GC Thread#1" [stack: 0x0000002612c00000,0x0000002612d00000] [id=8516]
  0x0000022282abfcd0 GCTaskThread "GC Thread#2" [stack: 0x0000002612f00000,0x0000002613000000] [id=4088]
  0x0000022282ac1980 GCTaskThread "GC Thread#3" [stack: 0x0000002613000000,0x0000002613100000] [id=9080]
  0x00000222e4b44330 ConcurrentGCThread "G1 Main Marker" [stack: 0x0000002611b00000,0x0000002611c00000] [id=1176]
  0x00000222e4b44eb0 ConcurrentGCThread "G1 Conc#0" [stack: 0x0000002611c00000,0x0000002611d00000] [id=304]
  0x00000222e4ba8220 ConcurrentGCThread "G1 Refine#0" [stack: 0x0000002611d00000,0x0000002611e00000] [id=10552]
  0x00000222e4ba8d30 ConcurrentGCThread "G1 Young RemSet Sampling" [stack: 0x0000002611e00000,0x0000002611f00000] [id=14388]

Threads with active compile tasks:
C2 CompilerThread0    14670 4324       4       org.springframework.boot.context.properties.source.ConfigurationPropertyName$ElementsParser::parse (234 bytes)

VM state: not at safepoint (normal execution)

VM Mutex/Monitor currently owned by a thread: None

Heap address: 0x00000000a1400000, size: 1516 MB, Compressed Oops mode: 32-bit
CDS archive(s) mapped at: [0x0000000800000000-0x0000000800b50000-0x0000000800b50000), size 11862016, SharedBaseAddress: 0x0000000800000000, ArchiveRelocationMode: 0.
Compressed class space mapped at: 0x0000000800b50000-0x0000000840b50000, size: 1073741824
Narrow klass base: 0x0000000800000000, Narrow klass shift: 3, Narrow klass range: 0x100000000

GC Precious Log:
 CPUs: 4 total, 4 available
 Memory: 6059M
 Large Page Support: Disabled
 NUMA Support: Disabled
 Compressed Oops: Enabled (32-bit)
 Heap Region Size: 1M
 Heap Min Capacity: 8M
 Heap Initial Capacity: 96M
 Heap Max Capacity: 1516M
 Pre-touch: Disabled
 Parallel Workers: 4
 Concurrent Workers: 1
 Concurrent Refinement Workers: 4
 Periodic GC: Disabled

Heap:
 garbage-first heap   total 70656K, used 24765K [0x00000000a1400000, 0x0000000100000000)
  region size 1024K, 3 young (3072K), 2 survivors (2048K)
 Metaspace       used 42894K, capacity 43379K, committed 43520K, reserved 1087488K
  class space    used 5357K, capacity 5531K, committed 5632K, reserved 1048576K

Heap Regions: E=young(eden), S=young(survivor), O=old, HS=humongous(starts), HC=humongous(continues), CS=collection set, F=free, OA=open archive, CA=closed archive, TAMS=top-at-mark-start (previous, next)
|   0|0x00000000a1400000, 0x00000000a1500000, 0x00000000a1500000|100%|HS|  |TAMS 0x00000000a1500000, 0x00000000a1400000| Complete 
|   1|0x00000000a1500000, 0x00000000a1600000, 0x00000000a1600000|100%| O|  |TAMS 0x00000000a1600000, 0x00000000a1500000| Untracked 
|   2|0x00000000a1600000, 0x00000000a1700000, 0x00000000a1700000|100%| O|  |TAMS 0x00000000a1700000, 0x00000000a1600000| Untracked 
|   3|0x00000000a1700000, 0x00000000a1800000, 0x00000000a1800000|100%| O|  |TAMS 0x00000000a1800000, 0x00000000a1700000| Untracked 
|   4|0x00000000a1800000, 0x00000000a1900000, 0x00000000a1900000|100%| O|  |TAMS 0x00000000a1900000, 0x00000000a1800000| Untracked 
|   5|0x00000000a1900000, 0x00000000a1a00000, 0x00000000a1a00000|100%| O|  |TAMS 0x00000000a1a00000, 0x00000000a1900000| Untracked 
|   6|0x00000000a1a00000, 0x00000000a1b00000, 0x00000000a1b00000|100%| O|  |TAMS 0x00000000a1b00000, 0x00000000a1a00000| Untracked 
|   7|0x00000000a1b00000, 0x00000000a1c00000, 0x00000000a1c00000|100%| O|  |TAMS 0x00000000a1c00000, 0x00000000a1b00000| Untracked 
|   8|0x00000000a1c00000, 0x00000000a1d00000, 0x00000000a1d00000|100%| O|  |TAMS 0x00000000a1d00000, 0x00000000a1c00000| Untracked 
|   9|0x00000000a1d00000, 0x00000000a1e00000, 0x00000000a1e00000|100%| O|  |TAMS 0x00000000a1e00000, 0x00000000a1d00000| Untracked 
|  10|0x00000000a1e00000, 0x00000000a1e48e00, 0x00000000a1f00000| 28%| O|  |TAMS 0x00000000a1e48e00, 0x00000000a1e00000| Untracked 
|  11|0x00000000a1f00000, 0x00000000a2000000, 0x00000000a2000000|100%| O|  |TAMS 0x00000000a1f00000, 0x00000000a1f00000| Untracked 
|  12|0x00000000a2000000, 0x00000000a2100000, 0x00000000a2100000|100%| O|  |TAMS 0x00000000a2000000, 0x00000000a2000000| Untracked 
|  13|0x00000000a2100000, 0x00000000a2200000, 0x00000000a2200000|100%| O|  |TAMS 0x00000000a2100000, 0x00000000a2100000| Untracked 
|  14|0x00000000a2200000, 0x00000000a2300000, 0x00000000a2300000|100%| O|  |TAMS 0x00000000a2200000, 0x00000000a2200000| Untracked 
|  15|0x00000000a2300000, 0x00000000a2400000, 0x00000000a2400000|100%| O|  |TAMS 0x00000000a2300000, 0x00000000a2300000| Untracked 
|  16|0x00000000a2400000, 0x00000000a2500000, 0x00000000a2500000|100%| O|  |TAMS 0x00000000a2400000, 0x00000000a2400000| Untracked 
|  17|0x00000000a2500000, 0x00000000a2600000, 0x00000000a2600000|100%| O|  |TAMS 0x00000000a2500000, 0x00000000a2500000| Untracked 
|  18|0x00000000a2600000, 0x00000000a2700000, 0x00000000a2700000|100%| O|  |TAMS 0x00000000a2600000, 0x00000000a2600000| Untracked 
|  19|0x00000000a2700000, 0x00000000a2800000, 0x00000000a2800000|100%| O|  |TAMS 0x00000000a2700000, 0x00000000a2700000| Untracked 
|  20|0x00000000a2800000, 0x00000000a2900000, 0x00000000a2900000|100%| O|  |TAMS 0x00000000a2800000, 0x00000000a2800000| Untracked 
|  21|0x00000000a2900000, 0x00000000a2a00000, 0x00000000a2a00000|100%| O|  |TAMS 0x00000000a2900000, 0x00000000a2900000| Untracked 
|  22|0x00000000a2a00000, 0x00000000a2b00000, 0x00000000a2b00000|100%| O|  |TAMS 0x00000000a2a00000, 0x00000000a2a00000| Untracked 
|  23|0x00000000a2b00000, 0x00000000a2b19800, 0x00000000a2c00000|  9%| O|  |TAMS 0x00000000a2b00000, 0x00000000a2b00000| Untracked 
|  24|0x00000000a2c00000, 0x00000000a2c00000, 0x00000000a2d00000|  0%| F|  |TAMS 0x00000000a2c00000, 0x00000000a2c00000| Untracked 
|  25|0x00000000a2d00000, 0x00000000a2d00000, 0x00000000a2e00000|  0%| F|  |TAMS 0x00000000a2d00000, 0x00000000a2d00000| Untracked 
|  26|0x00000000a2e00000, 0x00000000a2e00000, 0x00000000a2f00000|  0%| F|  |TAMS 0x00000000a2e00000, 0x00000000a2e00000| Untracked 
|  27|0x00000000a2f00000, 0x00000000a2f00000, 0x00000000a3000000|  0%| F|  |TAMS 0x00000000a2f00000, 0x00000000a2f00000| Untracked 
|  28|0x00000000a3000000, 0x00000000a3000000, 0x00000000a3100000|  0%| F|  |TAMS 0x00000000a3000000, 0x00000000a3000000| Untracked 
|  29|0x00000000a3100000, 0x00000000a3100000, 0x00000000a3200000|  0%| F|  |TAMS 0x00000000a3100000, 0x00000000a3100000| Untracked 
|  30|0x00000000a3200000, 0x00000000a3200000, 0x00000000a3300000|  0%| F|  |TAMS 0x00000000a3200000, 0x00000000a3200000| Untracked 
|  31|0x00000000a3300000, 0x00000000a3300000, 0x00000000a3400000|  0%| F|  |TAMS 0x00000000a3300000, 0x00000000a3300000| Untracked 
|  32|0x00000000a3400000, 0x00000000a3400000, 0x00000000a3500000|  0%| F|  |TAMS 0x00000000a3400000, 0x00000000a3400000| Untracked 
|  33|0x00000000a3500000, 0x00000000a35cd050, 0x00000000a3600000| 80%| S|CS|TAMS 0x00000000a3500000, 0x00000000a3500000| Complete 
|  34|0x00000000a3600000, 0x00000000a3700000, 0x00000000a3700000|100%| S|CS|TAMS 0x00000000a3600000, 0x00000000a3600000| Complete 
|  35|0x00000000a3700000, 0x00000000a3700000, 0x00000000a3800000|  0%| F|  |TAMS 0x00000000a3700000, 0x00000000a3700000| Untracked 
|  36|0x00000000a3800000, 0x00000000a3800000, 0x00000000a3900000|  0%| F|  |TAMS 0x00000000a3800000, 0x00000000a3800000| Untracked 
|  37|0x00000000a3900000, 0x00000000a3900000, 0x00000000a3a00000|  0%| F|  |TAMS 0x00000000a3900000, 0x00000000a3900000| Untracked 
|  38|0x00000000a3a00000, 0x00000000a3a00000, 0x00000000a3b00000|  0%| F|  |TAMS 0x00000000a3a00000, 0x00000000a3a00000| Untracked 
|  39|0x00000000a3b00000, 0x00000000a3b00000, 0x00000000a3c00000|  0%| F|  |TAMS 0x00000000a3b00000, 0x00000000a3b00000| Untracked 
|  40|0x00000000a3c00000, 0x00000000a3c00000, 0x00000000a3d00000|  0%| F|  |TAMS 0x00000000a3c00000, 0x00000000a3c00000| Untracked 
|  41|0x00000000a3d00000, 0x00000000a3d00000, 0x00000000a3e00000|  0%| F|  |TAMS 0x00000000a3d00000, 0x00000000a3d00000| Untracked 
|  42|0x00000000a3e00000, 0x00000000a3e00000, 0x00000000a3f00000|  0%| F|  |TAMS 0x00000000a3e00000, 0x00000000a3e00000| Untracked 
|  43|0x00000000a3f00000, 0x00000000a3f00000, 0x00000000a4000000|  0%| F|  |TAMS 0x00000000a3f00000, 0x00000000a3f00000| Untracked 
|  44|0x00000000a4000000, 0x00000000a4000000, 0x00000000a4100000|  0%| F|  |TAMS 0x00000000a4000000, 0x00000000a4000000| Untracked 
|  45|0x00000000a4100000, 0x00000000a4100000, 0x00000000a4200000|  0%| F|  |TAMS 0x00000000a4100000, 0x00000000a4100000| Untracked 
|  46|0x00000000a4200000, 0x00000000a4200000, 0x00000000a4300000|  0%| F|  |TAMS 0x00000000a4200000, 0x00000000a4200000| Untracked 
|  47|0x00000000a4300000, 0x00000000a4300000, 0x00000000a4400000|  0%| F|  |TAMS 0x00000000a4300000, 0x00000000a4300000| Untracked 
|  48|0x00000000a4400000, 0x00000000a4400000, 0x00000000a4500000|  0%| F|  |TAMS 0x00000000a4400000, 0x00000000a4400000| Untracked 
|  49|0x00000000a4500000, 0x00000000a4500000, 0x00000000a4600000|  0%| F|  |TAMS 0x00000000a4500000, 0x00000000a4500000| Untracked 
|  50|0x00000000a4600000, 0x00000000a4600000, 0x00000000a4700000|  0%| F|  |TAMS 0x00000000a4600000, 0x00000000a4600000| Untracked 
|  51|0x00000000a4700000, 0x00000000a4700000, 0x00000000a4800000|  0%| F|  |TAMS 0x00000000a4700000, 0x00000000a4700000| Untracked 
|  52|0x00000000a4800000, 0x00000000a4800000, 0x00000000a4900000|  0%| F|  |TAMS 0x00000000a4800000, 0x00000000a4800000| Untracked 
|  53|0x00000000a4900000, 0x00000000a4900000, 0x00000000a4a00000|  0%| F|  |TAMS 0x00000000a4900000, 0x00000000a4900000| Untracked 
|  54|0x00000000a4a00000, 0x00000000a4a00000, 0x00000000a4b00000|  0%| F|  |TAMS 0x00000000a4a00000, 0x00000000a4a00000| Untracked 
|  55|0x00000000a4b00000, 0x00000000a4b00000, 0x00000000a4c00000|  0%| F|  |TAMS 0x00000000a4b00000, 0x00000000a4b00000| Untracked 
|  56|0x00000000a4c00000, 0x00000000a4c00000, 0x00000000a4d00000|  0%| F|  |TAMS 0x00000000a4c00000, 0x00000000a4c00000| Untracked 
|  57|0x00000000a4d00000, 0x00000000a4d00000, 0x00000000a4e00000|  0%| F|  |TAMS 0x00000000a4d00000, 0x00000000a4d00000| Untracked 
|  58|0x00000000a4e00000, 0x00000000a4e00000, 0x00000000a4f00000|  0%| F|  |TAMS 0x00000000a4e00000, 0x00000000a4e00000| Untracked 
|  59|0x00000000a4f00000, 0x00000000a4f00000, 0x00000000a5000000|  0%| F|  |TAMS 0x00000000a4f00000, 0x00000000a4f00000| Untracked 
|  60|0x00000000a5000000, 0x00000000a5000000, 0x00000000a5100000|  0%| F|  |TAMS 0x00000000a5000000, 0x00000000a5000000| Untracked 
|  61|0x00000000a5100000, 0x00000000a5100000, 0x00000000a5200000|  0%| F|  |TAMS 0x00000000a5100000, 0x00000000a5100000| Untracked 
|  62|0x00000000a5200000, 0x00000000a5200000, 0x00000000a5300000|  0%| F|  |TAMS 0x00000000a5200000, 0x00000000a5200000| Untracked 
|  63|0x00000000a5300000, 0x00000000a5300000, 0x00000000a5400000|  0%| F|  |TAMS 0x00000000a5300000, 0x00000000a5300000| Untracked 
|  64|0x00000000a5400000, 0x00000000a5400000, 0x00000000a5500000|  0%| F|  |TAMS 0x00000000a5400000, 0x00000000a5400000| Untracked 
|  65|0x00000000a5500000, 0x00000000a5500000, 0x00000000a5600000|  0%| F|  |TAMS 0x00000000a5500000, 0x00000000a5500000| Untracked 
|  66|0x00000000a5600000, 0x00000000a5600000, 0x00000000a5700000|  0%| F|  |TAMS 0x00000000a5600000, 0x00000000a5600000| Untracked 
|  94|0x00000000a7200000, 0x00000000a7200000, 0x00000000a7300000|  0%| F|  |TAMS 0x00000000a7200000, 0x00000000a7200000| Untracked 
|  95|0x00000000a7300000, 0x00000000a7400000, 0x00000000a7400000|100%| E|  |TAMS 0x00000000a7300000, 0x00000000a7300000| Complete 

Card table byte_map: [0x00000222fc010000,0x00000222fc310000] _byte_map_base: 0x00000222fbb06000

Marking Bits (Prev, Next): (CMBitMap*) 0x00000222e4b37b50, (CMBitMap*) 0x00000222e4b37b90
 Prev Bits: [0x00000222fc610000, 0x00000222fddc0000)
 Next Bits: [0x00000222fddc0000, 0x00000222ff570000)

Polling page: 0x00000222e2c70000

Metaspace:

Usage:
  Non-class:     36.96 MB capacity,    36.66 MB (>99%) used,   250.56 KB ( <1%) free+waste,    58.69 KB ( <1%) overhead. 
      Class:      5.40 MB capacity,     5.23 MB ( 97%) used,   149.46 KB (  3%) free+waste,    22.63 KB ( <1%) overhead. 
       Both:     42.36 MB capacity,    41.89 MB ( 99%) used,   400.02 KB ( <1%) free+waste,    81.31 KB ( <1%) overhead. 

Virtual space:
  Non-class space:       38.00 MB reserved,      37.00 MB ( 97%) committed 
      Class space:        1.00 GB reserved,       5.50 MB ( <1%) committed 
             Both:        1.04 GB reserved,      42.50 MB (  4%) committed 

Chunk freelists:
   Non-Class:  40.00 KB
       Class:  5.00 KB
        Both:  45.00 KB

MaxMetaspaceSize: 17179869184.00 GB
CompressedClassSpaceSize: 1.00 GB

CodeHeap 'non-profiled nmethods': size=120000Kb used=1968Kb max_used=1968Kb free=118031Kb
 bounds [0x00000222f47e0000, 0x00000222f4a50000, 0x00000222fbd10000]
CodeHeap 'profiled nmethods': size=120000Kb used=9641Kb max_used=9641Kb free=110358Kb
 bounds [0x00000222ed2b0000, 0x00000222edc20000, 0x00000222f47e0000]
CodeHeap 'non-nmethods': size=5760Kb used=1256Kb max_used=1296Kb free=4503Kb
 bounds [0x00000222ecd10000, 0x00000222ecf80000, 0x00000222ed2b0000]
 total_blobs=4967 nmethods=4429 adapters=449
 compilation: enabled
              stopped_count=0, restarted_count=0
 full_count=0

Compilation events (20 events):
Event: 14.563 Thread 0x00000222ffa429e0 4467       2       org.springframework.context.annotation.CommonAnnotationBeanPostProcessor::lambda$buildResourceMetadata$0 (181 bytes)
Event: 14.564 Thread 0x00000222ffa429e0 nmethod 4467 0x00000222edc0f490 code [0x00000222edc0f6c0, 0x00000222edc0fc18]
Event: 14.564 Thread 0x00000222ffa429e0 4468       2       org.springframework.beans.factory.annotation.AutowiredAnnotationBeanPostProcessor::lambda$buildAutowiringMetadata$1 (87 bytes)
Event: 14.566 Thread 0x00000222ffa429e0 nmethod 4468 0x00000222edc0ff10 code [0x00000222edc10160, 0x00000222edc10818]
Event: 14.571 Thread 0x00000222ffa429e0 4469       2       org.springframework.util.ClassUtils::findMethodCandidatesByName (68 bytes)
Event: 14.572 Thread 0x00000222ffa429e0 nmethod 4469 0x00000222edc10b10 code [0x00000222edc10d20, 0x00000222edc110d8]
Event: 14.572 Thread 0x00000222ffa429e0 4470       2       java.beans.PropertyDescriptor::<init> (63 bytes)
Event: 14.572 Thread 0x00000222ffa429e0 nmethod 4470 0x00000222edc11390 code [0x00000222edc11560, 0x00000222edc11988]
Event: 14.572 Thread 0x00000222ffa429e0 4471       2       org.springframework.core.MethodParameter::<init> (35 bytes)
Event: 14.574 Thread 0x00000222ffa429e0 nmethod 4471 0x00000222edc11b90 code [0x00000222edc11d80, 0x00000222edc12248]
Event: 14.574 Thread 0x00000222ffa429e0 4472       2       com.sun.beans.util.Cache$Kind$2::create (27 bytes)
Event: 14.574 Thread 0x00000222ffa429e0 nmethod 4472 0x00000222edc12490 code [0x00000222edc12640, 0x00000222edc12968]
Event: 14.576 Thread 0x00000222ffa429e0 4473       2       java.lang.ReflectiveOperationException::<init> (6 bytes)
Event: 14.577 Thread 0x00000222ffa429e0 nmethod 4473 0x00000222edc12a90 code [0x00000222edc12c20, 0x00000222edc12d28]
Event: 14.577 Thread 0x00000222ffa429e0 4474       1       org.springframework.beans.factory.support.AbstractBeanFactory::getBeanPostProcessors (5 bytes)
Event: 14.577 Thread 0x00000222ffa429e0 nmethod 4474 0x00000222f49cb190 code [0x00000222f49cb320, 0x00000222f49cb3d8]
Event: 14.579 Thread 0x00000222ffa429e0 4475       1       org.springframework.boot.context.properties.bind.JavaBeanBinder$BeanProperty::getName (5 bytes)
Event: 14.579 Thread 0x00000222ffa429e0 nmethod 4475 0x00000222f49cb490 code [0x00000222f49cb620, 0x00000222f49cb6d8]
Event: 14.581 Thread 0x00000222ffa429e0 4476       2       org.springframework.boot.context.properties.source.SpringIterableConfigurationPropertySource::getConfigurationPropertyNames (53 bytes)
Event: 14.583 Thread 0x00000222ffa429e0 nmethod 4476 0x00000222edc12e10 code [0x00000222edc13080, 0x00000222edc13728]

GC Heap History (20 events):
Event: 2.282 GC heap before
{Heap before GC invocations=1 (full 0):
 garbage-first heap   total 98304K, used 17248K [0x00000000a1400000, 0x0000000100000000)
  region size 1024K, 13 young (13312K), 2 survivors (2048K)
 Metaspace       used 3771K, capacity 6014K, committed 6272K, reserved 1056768K
  class space    used 416K, capacity 614K, committed 640K, reserved 1048576K
}
Event: 2.290 GC heap after
{Heap after GC invocations=2 (full 0):
 garbage-first heap   total 98304K, used 9216K [0x00000000a1400000, 0x0000000100000000)
  region size 1024K, 2 young (2048K), 2 survivors (2048K)
 Metaspace       used 3771K, capacity 6014K, committed 6272K, reserved 1056768K
  class space    used 416K, capacity 614K, committed 640K, reserved 1048576K
}
Event: 3.922 GC heap before
{Heap before GC invocations=2 (full 0):
 garbage-first heap   total 98304K, used 27648K [0x00000000a1400000, 0x0000000100000000)
  region size 1024K, 20 young (20480K), 2 survivors (2048K)
 Metaspace       used 8447K, capacity 9431K, committed 9600K, reserved 1058816K
  class space    used 1010K, capacity 1112K, committed 1152K, reserved 1048576K
}
Event: 3.933 GC heap after
{Heap after GC invocations=3 (full 0):
 garbage-first heap   total 98304K, used 10667K [0x00000000a1400000, 0x0000000100000000)
  region size 1024K, 2 young (2048K), 2 survivors (2048K)
 Metaspace       used 8447K, capacity 9431K, committed 9600K, reserved 1058816K
  class space    used 1010K, capacity 1112K, committed 1152K, reserved 1048576K
}
Event: 7.318 GC heap before
{Heap before GC invocations=3 (full 0):
 garbage-first heap   total 98304K, used 62891K [0x00000000a1400000, 0x0000000100000000)
  region size 1024K, 53 young (54272K), 2 survivors (2048K)
 Metaspace       used 19683K, capacity 19978K, committed 20096K, reserved 1067008K
  class space    used 2564K, capacity 2660K, committed 2688K, reserved 1048576K
}
Event: 7.333 GC heap after
{Heap after GC invocations=4 (full 0):
 garbage-first heap   total 98304K, used 14006K [0x00000000a1400000, 0x0000000100000000)
  region size 1024K, 5 young (5120K), 5 survivors (5120K)
 Metaspace       used 19683K, capacity 19978K, committed 20096K, reserved 1067008K
  class space    used 2564K, capacity 2660K, committed 2688K, reserved 1048576K
}
Event: 7.440 GC heap before
{Heap before GC invocations=4 (full 0):
 garbage-first heap   total 98304K, used 54966K [0x00000000a1400000, 0x0000000100000000)
  region size 1024K, 47 young (48128K), 5 survivors (5120K)
 Metaspace       used 20919K, capacity 21164K, committed 21248K, reserved 1067008K
  class space    used 2660K, capacity 2758K, committed 2816K, reserved 1048576K
}
Event: 7.449 GC heap after
{Heap after GC invocations=5 (full 0):
 garbage-first heap   total 98304K, used 14565K [0x00000000a1400000, 0x0000000100000000)
  region size 1024K, 4 young (4096K), 4 survivors (4096K)
 Metaspace       used 20919K, capacity 21164K, committed 21248K, reserved 1067008K
  class space    used 2660K, capacity 2758K, committed 2816K, reserved 1048576K
}
Event: 8.146 GC heap before
{Heap before GC invocations=6 (full 0):
 garbage-first heap   total 58368K, used 45285K [0x00000000a1400000, 0x0000000100000000)
  region size 1024K, 34 young (34816K), 4 survivors (4096K)
 Metaspace       used 25821K, capacity 26140K, committed 26368K, reserved 1073152K
  class space    used 3168K, capacity 3284K, committed 3328K, reserved 1048576K
}
Event: 8.156 GC heap after
{Heap after GC invocations=7 (full 0):
 garbage-first heap   total 58368K, used 15928K [0x00000000a1400000, 0x0000000100000000)
  region size 1024K, 3 young (3072K), 3 survivors (3072K)
 Metaspace       used 25821K, capacity 26140K, committed 26368K, reserved 1073152K
  class space    used 3168K, capacity 3284K, committed 3328K, reserved 1048576K
}
Event: 8.762 GC heap before
{Heap before GC invocations=8 (full 0):
 garbage-first heap   total 58368K, used 40504K [0x00000000a1400000, 0x0000000100000000)
  region size 1024K, 28 young (28672K), 3 survivors (3072K)
 Metaspace       used 28917K, capacity 29242K, committed 29312K, reserved 1075200K
  class space    used 3567K, capacity 3674K, committed 3712K, reserved 1048576K
}
Event: 8.769 GC heap after
{Heap after GC invocations=9 (full 0):
 garbage-first heap   total 58368K, used 16999K [0x00000000a1400000, 0x0000000100000000)
  region size 1024K, 4 young (4096K), 4 survivors (4096K)
 Metaspace       used 28917K, capacity 29242K, committed 29312K, reserved 1075200K
  class space    used 3567K, capacity 3674K, committed 3712K, reserved 1048576K
}
Event: 9.896 GC heap before
{Heap before GC invocations=9 (full 0):
 garbage-first heap   total 58368K, used 41575K [0x00000000a1400000, 0x0000000100000000)
  region size 1024K, 29 young (29696K), 4 survivors (4096K)
 Metaspace       used 33096K, capacity 33452K, committed 33664K, reserved 1079296K
  class space    used 4215K, capacity 4367K, committed 4480K, reserved 1048576K
}
Event: 9.908 GC heap after
{Heap after GC invocations=10 (full 0):
 garbage-first heap   total 58368K, used 18703K [0x00000000a1400000, 0x0000000100000000)
  region size 1024K, 3 young (3072K), 3 survivors (3072K)
 Metaspace       used 33096K, capacity 33452K, committed 33664K, reserved 1079296K
  class space    used 4215K, capacity 4367K, committed 4480K, reserved 1048576K
}
Event: 11.549 GC heap before
{Heap before GC invocations=10 (full 0):
 garbage-first heap   total 58368K, used 44303K [0x00000000a1400000, 0x0000000100000000)
  region size 1024K, 28 young (28672K), 3 survivors (3072K)
 Metaspace       used 36532K, capacity 36934K, committed 37120K, reserved 1081344K
  class space    used 4661K, capacity 4795K, committed 4864K, reserved 1048576K
}
Event: 11.571 GC heap after
{Heap after GC invocations=11 (full 0):
 garbage-first heap   total 70656K, used 20918K [0x00000000a1400000, 0x0000000100000000)
  region size 1024K, 4 young (4096K), 4 survivors (4096K)
 Metaspace       used 36532K, capacity 36934K, committed 37120K, reserved 1081344K
  class space    used 4661K, capacity 4795K, committed 4864K, reserved 1048576K
}
Event: 12.833 GC heap before
{Heap before GC invocations=11 (full 0):
 garbage-first heap   total 70656K, used 53686K [0x00000000a1400000, 0x0000000100000000)
  region size 1024K, 37 young (37888K), 4 survivors (4096K)
 Metaspace       used 40104K, capacity 40484K, committed 40576K, reserved 1085440K
  class space    used 5072K, capacity 5229K, committed 5248K, reserved 1048576K
}
Event: 12.854 GC heap after
{Heap after GC invocations=12 (full 0):
 garbage-first heap   total 70656K, used 23511K [0x00000000a1400000, 0x0000000100000000)
  region size 1024K, 5 young (5120K), 5 survivors (5120K)
 Metaspace       used 40104K, capacity 40484K, committed 40576K, reserved 1085440K
  class space    used 5072K, capacity 5229K, committed 5248K, reserved 1048576K
}
Event: 12.996 GC heap before
{Heap before GC invocations=12 (full 0):
 garbage-first heap   total 70656K, used 55255K [0x00000000a1400000, 0x0000000100000000)
  region size 1024K, 36 young (36864K), 5 survivors (5120K)
 Metaspace       used 40119K, capacity 40548K, committed 40576K, reserved 1085440K
  class space    used 5072K, capacity 5229K, committed 5248K, reserved 1048576K
}
Event: 13.015 GC heap after
{Heap after GC invocations=13 (full 0):
 garbage-first heap   total 70656K, used 23618K [0x00000000a1400000, 0x0000000100000000)
  region size 1024K, 3 young (3072K), 3 survivors (3072K)
 Metaspace       used 40119K, capacity 40548K, committed 40576K, reserved 1085440K
  class space    used 5072K, capacity 5229K, committed 5248K, reserved 1048576K
}

Deoptimization events (20 events):
Event: 14.527 Thread 0x00000222e4afcdd0 DEOPT PACKING pc=0x00000222edc00d08 sp=0x00000026119f6430
Event: 14.527 Thread 0x00000222e4afcdd0 DEOPT UNPACKING pc=0x00000222ecd5e23f sp=0x00000026119f58e8 mode 0
Event: 14.527 Thread 0x00000222e4afcdd0 DEOPT PACKING pc=0x00000222edc00f3d sp=0x00000026119f6430
Event: 14.527 Thread 0x00000222e4afcdd0 DEOPT UNPACKING pc=0x00000222ecd5e23f sp=0x00000026119f58e8 mode 0
Event: 14.528 Thread 0x00000222e4afcdd0 DEOPT PACKING pc=0x00000222edc00f3d sp=0x00000026119f6430
Event: 14.528 Thread 0x00000222e4afcdd0 DEOPT UNPACKING pc=0x00000222ecd5e23f sp=0x00000026119f58e8 mode 0
Event: 14.529 Thread 0x00000222e4afcdd0 DEOPT PACKING pc=0x00000222edc00f3d sp=0x00000026119f6430
Event: 14.529 Thread 0x00000222e4afcdd0 DEOPT UNPACKING pc=0x00000222ecd5e23f sp=0x00000026119f58e8 mode 0
Event: 14.529 Thread 0x00000222e4afcdd0 DEOPT PACKING pc=0x00000222edc00f3d sp=0x00000026119f6430
Event: 14.529 Thread 0x00000222e4afcdd0 DEOPT UNPACKING pc=0x00000222ecd5e23f sp=0x00000026119f58e8 mode 0
Event: 14.530 Thread 0x00000222e4afcdd0 DEOPT PACKING pc=0x00000222edc00f3d sp=0x00000026119f6430
Event: 14.530 Thread 0x00000222e4afcdd0 DEOPT UNPACKING pc=0x00000222ecd5e23f sp=0x00000026119f58e8 mode 0
Event: 14.530 Thread 0x00000222e4afcdd0 DEOPT PACKING pc=0x00000222edc00d08 sp=0x00000026119f6430
Event: 14.530 Thread 0x00000222e4afcdd0 DEOPT UNPACKING pc=0x00000222ecd5e23f sp=0x00000026119f58e8 mode 0
Event: 14.531 Thread 0x00000222e4afcdd0 DEOPT PACKING pc=0x00000222edc00d08 sp=0x00000026119f6430
Event: 14.531 Thread 0x00000222e4afcdd0 DEOPT UNPACKING pc=0x00000222ecd5e23f sp=0x00000026119f58e8 mode 0
Event: 14.545 Thread 0x00000222e4afcdd0 DEOPT PACKING pc=0x00000222edc00d08 sp=0x00000026119f6500
Event: 14.545 Thread 0x00000222e4afcdd0 DEOPT UNPACKING pc=0x00000222ecd5e23f sp=0x00000026119f59b8 mode 0
Event: 14.550 Thread 0x00000222e4afcdd0 DEOPT PACKING pc=0x00000222edc00f3d sp=0x00000026119f6530
Event: 14.550 Thread 0x00000222e4afcdd0 DEOPT UNPACKING pc=0x00000222ecd5e23f sp=0x00000026119f59e8 mode 0

Classes unloaded (0 events):
No events

Classes redefined (0 events):
No events

Internal exceptions (20 events):
Event: 13.860 Thread 0x00000222e4afcdd0 Exception <a 'java/lang/ClassNotFoundException'{0x00000000a42b1df8}: org/springframework/beans/factory/AwareCustomizer> (0x00000000a42b1df8) 
thrown [./open/src/hotspot/share/classfile/systemDictionary.cpp, line 295]
Event: 13.907 Thread 0x00000222e4afcdd0 Exception <a 'java/lang/ClassNotFoundException'{0x00000000a4108490}: java/lang/ObjectCustomizer> (0x00000000a4108490) 
thrown [./open/src/hotspot/share/classfile/systemDictionary.cpp, line 295]
Event: 13.910 Thread 0x00000222e4afcdd0 Exception <a 'java/lang/ClassNotFoundException'{0x00000000a4111d80}: org/springframework/boot/autoconfigure/jdbc/DataSourcePropertiesCustomizer> (0x00000000a4111d80) 
thrown [./open/src/hotspot/share/classfile/systemDictionary.cpp, line 295]
Event: 13.917 Thread 0x00000222e4afcdd0 Exception <a 'java/lang/ClassNotFoundException'{0x00000000a4143890}: org/springframework/beans/factory/BeanClassLoaderAwareCustomizer> (0x00000000a4143890) 
thrown [./open/src/hotspot/share/classfile/systemDictionary.cpp, line 295]
Event: 13.919 Thread 0x00000222e4afcdd0 Exception <a 'java/lang/ClassNotFoundException'{0x00000000a414a3d8}: org/springframework/beans/factory/AwareCustomizer> (0x00000000a414a3d8) 
thrown [./open/src/hotspot/share/classfile/systemDictionary.cpp, line 295]
Event: 13.921 Thread 0x00000222e4afcdd0 Exception <a 'java/lang/ClassNotFoundException'{0x00000000a4150310}: org/springframework/beans/factory/InitializingBeanCustomizer> (0x00000000a4150310) 
thrown [./open/src/hotspot/share/classfile/systemDictionary.cpp, line 295]
Event: 14.004 Thread 0x00000222e4afcdd0 Exception <a 'java/lang/ClassNotFoundException'{0x00000000a4017e20}: java/lang/ObjectCustomizer> (0x00000000a4017e20) 
thrown [./open/src/hotspot/share/classfile/systemDictionary.cpp, line 295]
Event: 14.006 Thread 0x00000222e4afcdd0 Exception <a 'java/lang/ClassNotFoundException'{0x00000000a4021138}: org/springframework/boot/autoconfigure/jdbc/DataSourceInitializerInvokerCustomizer> (0x00000000a4021138) 
thrown [./open/src/hotspot/share/classfile/systemDictionary.cpp, line 295]
Event: 14.012 Thread 0x00000222e4afcdd0 Exception <a 'java/lang/ClassNotFoundException'{0x00000000a402c1b0}: org/springframework/context/ApplicationListenerCustomizer> (0x00000000a402c1b0) 
thrown [./open/src/hotspot/share/classfile/systemDictionary.cpp, line 295]
Event: 14.013 Thread 0x00000222e4afcdd0 Exception <a 'java/lang/ClassNotFoundException'{0x00000000a402f250}: java/util/EventListenerCustomizer> (0x00000000a402f250) 
thrown [./open/src/hotspot/share/classfile/systemDictionary.cpp, line 295]
Event: 14.014 Thread 0x00000222e4afcdd0 Exception <a 'java/lang/ClassNotFoundException'{0x00000000a4034910}: org/springframework/beans/factory/InitializingBeanCustomizer> (0x00000000a4034910) 
thrown [./open/src/hotspot/share/classfile/systemDictionary.cpp, line 295]
Event: 14.020 Thread 0x00000222e4afcdd0 Exception <a 'java/lang/ClassNotFoundException'{0x00000000a403e9e8}: java/lang/ObjectCustomizer> (0x00000000a403e9e8) 
thrown [./open/src/hotspot/share/classfile/systemDictionary.cpp, line 295]
Event: 14.021 Thread 0x00000222e4afcdd0 Exception <a 'java/lang/ClassNotFoundException'{0x00000000a4048538}: org/springframework/boot/autoconfigure/jdbc/DataSourceConfiguration$HikariCustomizer> (0x00000000a4048538) 
thrown [./open/src/hotspot/share/classfile/systemDictionary.cpp, line 295]
Event: 14.564 Thread 0x00000222e4afcdd0 Exception <a 'java/lang/ClassNotFoundException'{0x00000000a3b50d20}: java/lang/ObjectCustomizer> (0x00000000a3b50d20) 
thrown [./open/src/hotspot/share/classfile/systemDictionary.cpp, line 295]
Event: 14.565 Thread 0x00000222e4afcdd0 Exception <a 'java/lang/ClassNotFoundException'{0x00000000a3b59ca0}: com/zaxxer/hikari/HikariConfigCustomizer> (0x00000000a3b59ca0) 
thrown [./open/src/hotspot/share/classfile/systemDictionary.cpp, line 295]
Event: 14.568 Thread 0x00000222e4afcdd0 Exception <a 'java/lang/ClassNotFoundException'{0x00000000a3b89be0}: com/zaxxer/hikari/HikariDataSourceCustomizer> (0x00000000a3b89be0) 
thrown [./open/src/hotspot/share/classfile/systemDictionary.cpp, line 295]
Event: 14.571 Thread 0x00000222e4afcdd0 Exception <a 'java/lang/ClassNotFoundException'{0x00000000a3bbff38}: javax/sql/DataSourceCustomizer> (0x00000000a3bbff38) 
thrown [./open/src/hotspot/share/classfile/systemDictionary.cpp, line 295]
Event: 14.572 Thread 0x00000222e4afcdd0 Exception <a 'java/lang/ClassNotFoundException'{0x00000000a3bc9500}: javax/sql/CommonDataSourceCustomizer> (0x00000000a3bc9500) 
thrown [./open/src/hotspot/share/classfile/systemDictionary.cpp, line 295]
Event: 14.573 Thread 0x00000222e4afcdd0 Exception <a 'java/lang/ClassNotFoundException'{0x00000000a3bd1f28}: java/sql/WrapperCustomizer> (0x00000000a3bd1f28) 
thrown [./open/src/hotspot/share/classfile/systemDictionary.cpp, line 295]
Event: 14.575 Thread 0x00000222e4afcdd0 Exception <a 'java/lang/ClassNotFoundException'{0x00000000a3bda6e0}: com/zaxxer/hikari/HikariConfigMXBeanCustomizer> (0x00000000a3bda6e0) 
thrown [./open/src/hotspot/share/classfile/systemDictionary.cpp, line 295]

Events (20 events):
Event: 14.371 loading class java/security/Timestamp
Event: 14.372 loading class java/security/Timestamp done
Event: 14.407 loading class sun/security/util/SignatureFileVerifier$ConfigurationHolder
Event: 14.407 loading class sun/security/util/SignatureFileVerifier$ConfigurationHolder done
Event: 14.412 loading class java/util/Base64
Event: 14.413 loading class java/util/Base64 done
Event: 14.413 loading class java/util/Base64$Decoder
Event: 14.414 loading class java/util/Base64$Decoder done
Event: 14.414 loading class java/util/Base64$Encoder
Event: 14.414 loading class java/util/Base64$Encoder done
Event: 14.416 loading class java/util/jar/JarVerifier$VerifierStream
Event: 14.416 loading class java/util/jar/JarVerifier$VerifierStream done
Event: 14.416 loading class sun/security/util/ManifestEntryVerifier$SunProviderHolder
Event: 14.417 loading class sun/security/util/ManifestEntryVerifier$SunProviderHolder done
Event: 14.537 loading class java/util/ResourceBundle$Control$1
Event: 14.537 loading class java/util/ResourceBundle$Control$1 done
Event: 14.564 loading class java/lang/ObjectCustomizer
Event: 14.564 loading class java/lang/ObjectCustomizer done
Event: 14.564 loading class java/lang/ObjectCustomizer
Event: 14.564 loading class java/lang/ObjectCustomizer done


Dynamic libraries:
0x00007ff6451d0000 - 0x00007ff6451df000 	C:\Program Files\Java\jdk-15.0.2\bin\java.exe
0x00007ff9d79e0000 - 0x00007ff9d7bd0000 	C:\WINDOWS\SYSTEM32\ntdll.dll
0x00007ff9d5e50000 - 0x00007ff9d5f02000 	C:\WINDOWS\System32\KERNEL32.DLL
0x00007ff9d57e0000 - 0x00007ff9d5a85000 	C:\WINDOWS\System32\KERNELBASE.dll
0x00007ff9d5650000 - 0x00007ff9d574a000 	C:\WINDOWS\System32\ucrtbase.dll
0x00007ff9c4640000 - 0x00007ff9c4658000 	C:\Program Files\Java\jdk-15.0.2\bin\jli.dll
0x00007ff9d6ee0000 - 0x00007ff9d6f83000 	C:\WINDOWS\System32\ADVAPI32.dll
0x00007ff9d5fa0000 - 0x00007ff9d603e000 	C:\WINDOWS\System32\msvcrt.dll
0x00007ff9d5db0000 - 0x00007ff9d5e47000 	C:\WINDOWS\System32\sechost.dll
0x00007ff9c8440000 - 0x00007ff9c8459000 	C:\Program Files\Java\jdk-15.0.2\bin\VCRUNTIME140.dll
0x00007ff9d5c80000 - 0x00007ff9d5d9f000 	C:\WINDOWS\System32\RPCRT4.dll
0x00007ff9d7800000 - 0x00007ff9d7994000 	C:\WINDOWS\System32\USER32.dll
0x00007ff9d5620000 - 0x00007ff9d5641000 	C:\WINDOWS\System32\win32u.dll
0x00007ff9d6f90000 - 0x00007ff9d6fb6000 	C:\WINDOWS\System32\GDI32.dll
0x00007ff9d51f0000 - 0x00007ff9d5388000 	C:\WINDOWS\System32\gdi32full.dll
0x00007ff9d49d0000 - 0x00007ff9d4a6e000 	C:\WINDOWS\System32\msvcp_win.dll
0x00007ff9c4d00000 - 0x00007ff9c4f84000 	C:\WINDOWS\WinSxS\amd64_microsoft.windows.common-controls_6595b64144ccf1df_6.0.18362.1379_none_9e7ff3b3e45cc0c4\COMCTL32.dll
0x00007ff9d7040000 - 0x00007ff9d7377000 	C:\WINDOWS\System32\combase.dll
0x00007ff9d5390000 - 0x00007ff9d5411000 	C:\WINDOWS\System32\bcryptPrimitives.dll
0x00007ff9c8c30000 - 0x00007ff9c8c3a000 	C:\WINDOWS\SYSTEM32\VERSION.dll
0x00007ff9d5f70000 - 0x00007ff9d5f9e000 	C:\WINDOWS\System32\IMM32.DLL
0x00007ff9c5b20000 - 0x00007ff9c5b2c000 	C:\Program Files\Java\jdk-15.0.2\bin\vcruntime140_1.dll
0x00007ff9b0c20000 - 0x00007ff9b0cb1000 	C:\Program Files\Java\jdk-15.0.2\bin\msvcp140.dll
0x00007ff991db0000 - 0x00007ff99290e000 	C:\Program Files\Java\jdk-15.0.2\bin\server\jvm.dll
0x00007ff9d7380000 - 0x00007ff9d7388000 	C:\WINDOWS\System32\PSAPI.DLL
0x00007ff9c39d0000 - 0x00007ff9c39d9000 	C:\WINDOWS\SYSTEM32\WSOCK32.dll
0x00007ff9d6a70000 - 0x00007ff9d6adf000 	C:\WINDOWS\System32\WS2_32.dll
0x00007ff9d1420000 - 0x00007ff9d1444000 	C:\WINDOWS\SYSTEM32\WINMM.dll
0x00007ff9d13f0000 - 0x00007ff9d141d000 	C:\WINDOWS\SYSTEM32\WINMMBASE.dll
0x00007ff9d4980000 - 0x00007ff9d49ca000 	C:\WINDOWS\System32\cfgmgr32.dll
0x00007ff9d4920000 - 0x00007ff9d4931000 	C:\WINDOWS\System32\kernel.appcore.dll
0x00007ff9c5630000 - 0x00007ff9c563a000 	C:\Program Files\Java\jdk-15.0.2\bin\jimage.dll
0x00007ff9b6750000 - 0x00007ff9b6944000 	C:\WINDOWS\SYSTEM32\DBGHELP.DLL
0x00007ff9b6720000 - 0x00007ff9b674a000 	C:\WINDOWS\SYSTEM32\dbgcore.DLL
0x00007ff9c4960000 - 0x00007ff9c496e000 	C:\Program Files\Java\jdk-15.0.2\bin\instrument.dll
0x00007ff9c3a70000 - 0x00007ff9c3a95000 	C:\Program Files\Java\jdk-15.0.2\bin\java.dll
0x00007ff9d60f0000 - 0x00007ff9d67d8000 	C:\WINDOWS\System32\SHELL32.dll
0x00007ff9d5b70000 - 0x00007ff9d5c17000 	C:\WINDOWS\System32\shcore.dll
0x00007ff9d4a70000 - 0x00007ff9d51eb000 	C:\WINDOWS\System32\windows.storage.dll
0x00007ff9d48f0000 - 0x00007ff9d4913000 	C:\WINDOWS\System32\profapi.dll
0x00007ff9d48a0000 - 0x00007ff9d48ea000 	C:\WINDOWS\System32\powrprof.dll
0x00007ff9d4890000 - 0x00007ff9d48a0000 	C:\WINDOWS\System32\UMPDC.dll
0x00007ff9d5b10000 - 0x00007ff9d5b62000 	C:\WINDOWS\System32\shlwapi.dll
0x00007ff9d4960000 - 0x00007ff9d4977000 	C:\WINDOWS\System32\cryptsp.dll
0x00007ff9b2b20000 - 0x00007ff9b2b38000 	C:\Program Files\Java\jdk-15.0.2\bin\zip.dll
0x00007ff9c3a50000 - 0x00007ff9c3a69000 	C:\Program Files\Java\jdk-15.0.2\bin\net.dll
0x00007ff9c8ff0000 - 0x00007ff9c90e0000 	C:\WINDOWS\SYSTEM32\WINHTTP.dll
0x00007ff9d4030000 - 0x00007ff9d4097000 	C:\WINDOWS\system32\mswsock.dll
0x00007ff9c3a30000 - 0x00007ff9c3a42000 	C:\Program Files\Java\jdk-15.0.2\bin\nio.dll
0x00007ff9afb40000 - 0x00007ff9afb5a000 	C:\Program Files\JetBrains\IntelliJ IDEA 2020.2.3\bin\breakgen64.dll
0x00007ff9c47c0000 - 0x00007ff9c47d0000 	C:\Program Files\Java\jdk-15.0.2\bin\verify.dll
0x00007ff9d3d50000 - 0x00007ff9d3d8a000 	C:\WINDOWS\SYSTEM32\IPHLPAPI.DLL
0x00007ff9d5da0000 - 0x00007ff9d5da8000 	C:\WINDOWS\System32\NSI.dll
0x00007ff9ca0d0000 - 0x00007ff9ca0e6000 	C:\WINDOWS\SYSTEM32\dhcpcsvc6.DLL
0x00007ff9ca0b0000 - 0x00007ff9ca0cc000 	C:\WINDOWS\SYSTEM32\dhcpcsvc.DLL
0x00007ff9d3d90000 - 0x00007ff9d3e5b000 	C:\WINDOWS\SYSTEM32\DNSAPI.dll
0x00007ff9cd970000 - 0x00007ff9cd97a000 	C:\Windows\System32\rasadhlp.dll
0x00007ff9c9b40000 - 0x00007ff9c9bb7000 	C:\WINDOWS\System32\fwpuclnt.dll
0x00007ff9d57b0000 - 0x00007ff9d57d6000 	C:\WINDOWS\System32\bcrypt.dll
0x00007ff9c4590000 - 0x00007ff9c4599000 	C:\Program Files\Java\jdk-15.0.2\bin\management.dll
0x00007ff9b7af0000 - 0x00007ff9b7afb000 	C:\Program Files\Java\jdk-15.0.2\bin\management_ext.dll
0x00007ff9d1090000 - 0x00007ff9d10a6000 	C:\WINDOWS\system32\napinsp.dll
0x00007ff9d1070000 - 0x00007ff9d108a000 	C:\WINDOWS\system32\pnrpnsp.dll
0x00007ff9d1060000 - 0x00007ff9d106e000 	C:\WINDOWS\System32\winrnr.dll
0x00007ff9d0e70000 - 0x00007ff9d0e8c000 	C:\WINDOWS\system32\NLAapi.dll
0x00007ff9cfd70000 - 0x00007ff9cfd85000 	C:\WINDOWS\system32\wshbth.dll
0x00007ff9d3bb0000 - 0x00007ff9d3be3000 	C:\WINDOWS\system32\rsaenh.dll
0x00007ff9d4770000 - 0x00007ff9d4795000 	C:\WINDOWS\SYSTEM32\USERENV.dll
0x00007ff9d41f0000 - 0x00007ff9d41fc000 	C:\WINDOWS\SYSTEM32\CRYPTBASE.dll

dbghelp: loaded successfully - version: 4.0.5 - missing functions: none
symbol engine: initialized successfully - sym options: 0x614 - pdb path: .;C:\Program Files\Java\jdk-15.0.2\bin;C:\WINDOWS\SYSTEM32;C:\WINDOWS\WinSxS\amd64_microsoft.windows.common-controls_6595b64144ccf1df_6.0.18362.1379_none_9e7ff3b3e45cc0c4;C:\Program Files\Java\jdk-15.0.2\bin\server;C:\Program Files\JetBrains\IntelliJ IDEA 2020.2.3\bin

VM Arguments:
jvm_args: -ea -Didea.test.cyclic.buffer.size=1048576 -javaagent:C:\Program Files\JetBrains\IntelliJ IDEA 2020.2.3\lib\idea_rt.jar=61114:C:\Program Files\JetBrains\IntelliJ IDEA 2020.2.3\bin -Dfile.encoding=UTF-8 
java_command: com.intellij.rt.junit.JUnitStarter -ideVersion5 -junit5 se.iths.springbootlab2.Springbootlab2ApplicationTests,searchAndVerify
java_class_path (initial): C:\Program Files\JetBrains\IntelliJ IDEA 2020.2.3\lib\idea_rt.jar;C:\Users\Samir79\.m2\repository\org\junit\platform\junit-platform-launcher\1.7.1\junit-platform-launcher-1.7.1.jar;C:\Program Files\JetBrains\IntelliJ IDEA 2020.2.3\plugins\junit\lib\junit5-rt.jar;C:\Program Files\JetBrains\IntelliJ IDEA 2020.2.3\plugins\junit\lib\junit-rt.jar;C:\Users\Samir79\IdeaProjects\springbootlab2\target\test-classes;C:\Users\Samir79\IdeaProjects\springbootlab2\target\classes;C:\Users\Samir79\.m2\repository\org\springframework\boot\spring-boot-starter-data-jpa\2.4.3\spring-boot-starter-data-jpa-2.4.3.jar;C:\Users\Samir79\.m2\repository\org\springframework\boot\spring-boot-starter-aop\2.4.3\spring-boot-starter-aop-2.4.3.jar;C:\Users\Samir79\.m2\repository\org\springframework\spring-aop\5.3.4\spring-aop-5.3.4.jar;C:\Users\Samir79\.m2\repository\org\aspectj\aspectjweaver\1.9.6\aspectjweaver-1.9.6.jar;C:\Users\Samir79\.m2\repository\org\springframework\boot\spring-boot-starter-jdbc\2.4.3\spring-boot-starter-jdbc-2.4.3.jar;C:\Users\Samir79\.m2\repository\com\zaxxer\HikariCP\3.4.5\HikariCP-3.4.5.jar;C:\Users\Samir79\.m2\repository\org\springframework\spring-jdbc\5.3.4\spring-jdbc-5.3.4.jar;C:\Users\Samir79\.m2\repository\jakarta\transaction\jakarta.transaction-api\1.3.3\jakarta.transaction-api-1.3.3.jar;C:\Users\Samir79\.m2\repository\jakarta\persistence\jakarta.persistence-api\2.2.3\jakarta.persistence-api-2.2.3.jar;C:\Users\Samir79\.m2\repository\org\hibernate\hibernate-core\5.4.28.Final\hibernate-core-5.4.28.Final.jar;C:\Users\Samir79\.m2\repository\org\jboss\logging\jboss-logging\3.4.1.Final\jboss-logging-3.4.1.Final.jar;C:\Users\Samir79\.m2\repository\org\javassist\javassist\3.27.0-GA\javassist-3.27.0-GA.jar;C:\Users\Samir79\.m2\repository\net\bytebuddy\byte-buddy\1.10.20\byte-buddy-1.10.20.jar;C:\Users\Samir79\.m2\repository\antlr\antlr\2.7.7\antlr-2.7.7.jar;C:\Users\Samir79\.m2\repository\org\jboss\jandex\2.2.3.Final\jandex-2.2.3.Final.jar;C:\Users
Launcher Type: SUN_STANDARD

[Global flags]
     intx CICompilerCount                          = 3                                         {product} {ergonomic}
     uint ConcGCThreads                            = 1                                         {product} {ergonomic}
     uint G1ConcRefinementThreads                  = 4                                         {product} {ergonomic}
   size_t G1HeapRegionSize                         = 1048576                                   {product} {ergonomic}
    uintx GCDrainStackTargetSize                   = 64                                        {product} {ergonomic}
   size_t InitialHeapSize                          = 100663296                                 {product} {ergonomic}
   size_t MarkStackSize                            = 4194304                                   {product} {ergonomic}
   size_t MaxHeapSize                              = 1589641216                                {product} {ergonomic}
   size_t MaxNewSize                               = 953155584                                 {product} {ergonomic}
   size_t MinHeapDeltaBytes                        = 1048576                                   {product} {ergonomic}
   size_t MinHeapSize                              = 8388608                                   {product} {ergonomic}
    uintx NonNMethodCodeHeapSize                   = 5832780                                {pd product} {ergonomic}
    uintx NonProfiledCodeHeapSize                  = 122912730                              {pd product} {ergonomic}
    uintx ProfiledCodeHeapSize                     = 122912730                              {pd product} {ergonomic}
    uintx ReservedCodeCacheSize                    = 251658240                              {pd product} {ergonomic}
     bool SegmentedCodeCache                       = true                                      {product} {ergonomic}
   size_t SoftMaxHeapSize                          = 1589641216                             {manageable} {ergonomic}
     bool UseCompressedClassPointers               = true                                 {lp64_product} {ergonomic}
     bool UseCompressedOops                        = true                                 {lp64_product} {ergonomic}
     bool UseG1GC                                  = true                                      {product} {ergonomic}
     bool UseLargePagesIndividualAllocation        = false                                  {pd product} {ergonomic}

Logging:
Log output configuration:
 #0: stdout all=warning uptime,level,tags
 #1: stderr all=off uptime,level,tags

Environment Variables:
JAVA_HOME=C:\Program\Java\jdk-15.0.2
PATH=C:\Program Files\AdoptOpenJDK\jdk-15.0.2.7-hotspot\bin;C:\Program Files\Common Files\Oracle\Java\javapath;C:\WINDOWS\system32;C:\WINDOWS;C:\WINDOWS\System32\Wbem;C:\WINDOWS\System32\WindowsPowerShell\v1.0\;C:\Program Files (x86)\Common Files\lenovo\easyplussdk\bin;C:\Program Files\Intel\WiFi\bin\;C:\Program Files\Common Files\Intel\WirelessCommon\;C:\WINDOWS\System32\OpenSSH\;C:\Program Files\dotnet\;C:\Program Files\Java\jdk-14.0.2\bin;C:\Program Files\Git\cmd;C:\Program Files (x86)\Microsoft SQL Server\150\DTS\Binn\;C:\Program Files\Microsoft SQL Server\Client SDK\ODBC\170\Tools\Binn\;C:\Program Files (x86)\Microsoft SQL Server\150\Tools\Binn\;C:\Program Files\Microsoft SQL Server\150\Tools\Binn\;C:\Program Files\Microsoft SQL Server\150\DTS\Binn\;C:\Program Files\Maven\apache-maven-3.6.3\bin;C:\Program\Java\jdk-15.0.2\bin;C:\Program Files\Maven\apache-maven-3.6.3\bin;C:\Program Files\Docker\Docker\resources\bin;C:\ProgramData\DockerDesktop\version-bin;C:\Program Files\AdoptOpenJDK\jdk-15.0.2.7-hotspot\bin;C:\Program Files\Maven\apache-maven-3.6.3\bin;C:\Users\Samir79\AppData\Local\Microsoft\WindowsApps;C:\Program Files\Azure Data Studio\bin;C:\Program Files\Maven\apache-maven-3.6.3\bin;C:\Program\Java\jdk-15.0.2\bin;C:\Program Files\MongoDB\Server\4.4\bin
USERNAME=Samir79
OS=Windows_NT
PROCESSOR_IDENTIFIER=Intel64 Family 6 Model 61 Stepping 4, GenuineIntel



---------------  S Y S T E M  ---------------

OS:
 Windows 10 , 64 bit Build 18362 (10.0.18362.1350)
OS uptime: 7 days 0:14 hours
HyperV virtualization detected

CPU: total 4 (initial active 4) (2 cores per cpu, 2 threads per core) family 6 model 61 stepping 4 microcode 0x2b, cmov, cx8, fxsr, mmx, sse, sse2, sse3, ssse3, sse4.1, sse4.2, popcnt, vzeroupper, avx, avx2, aes, clmul, erms, 3dnowpref, lzcnt, ht, tsc, tscinvbit, bmi1, bmi2, adx, fma, clflush

Memory: 4k page, system-wide physical 6059M (337M free)
TotalPageFile size 18432M (AvailPageFile size 9M)
current process WorkingSet (physical memory assigned to process): 209M, peak: 209M
current process commit charge ("private bytes"): 244M, peak: 246M

vm_info: Java HotSpot(TM) 64-Bit Server VM (15.0.2+7-27) for windows-amd64 JRE (15.0.2+7-27), built on Dec  7 2020 20:07:01 by "mach5one" with unknown MS VC++:1925

END.
